This file contains any messages produced by compilers while
running configure, to aid debugging if configure makes a mistake.

It was created by Specl configure 1, which was
generated by GNU Autoconf 2.69.  Invocation command line was

  $ ./configure --no-create --no-recursion

## --------- ##
## Platform. ##
## --------- ##

hostname = anungunrama.local
uname -m = x86_64
uname -r = 12.2.0
uname -s = Darwin
uname -v = Darwin Kernel Version 12.2.0: Sat Aug 25 00:48:52 PDT 2012; root:xnu-2050.18.24~1/RELEASE_X86_64

/usr/bin/uname -p = i386
/bin/uname -X     = unknown

/bin/arch              = unknown
/usr/bin/arch -k       = unknown
/usr/convex/getsysinfo = unknown
/usr/bin/hostinfo      = Mach kernel version:
	 Darwin Kernel Version 12.2.0: Sat Aug 25 00:48:52 PDT 2012; root:xnu-2050.18.24~1/RELEASE_X86_64
Kernel configured for up to 2 processors.
2 processors are physically available.
2 processors are logically available.
Processor type: i486 (Intel 80486)
Processors active: 0 1
Primary memory available: 2.00 gigabytes
Default processor set: 130 tasks, 591 threads, 2 processors
Load average: 3.87, Mach factor: 0.27
/bin/machine           = unknown
/usr/bin/oslevel       = unknown
/bin/universe          = unknown

PATH: /Volumes/Home/bin
PATH: /usr/local/bin
PATH: /usr/bin
PATH: /bin
PATH: /usr/sbin
PATH: /sbin
PATH: /usr/texbin
PATH: /Volumes/Home/bin
PATH: /usr/local/sbin


## ----------- ##
## Core tests. ##
## ----------- ##

configure:1786: checking for a BSD-compatible install
configure:1854: result: /usr/bin/install -c
configure:1865: checking whether build environment is sane
configure:1920: result: yes
configure:2071: checking for a thread-safe mkdir -p
configure:2110: result: build-aux/install-sh -c -d
configure:2117: checking for gawk
configure:2147: result: no
configure:2117: checking for mawk
configure:2147: result: no
configure:2117: checking for nawk
configure:2147: result: no
configure:2117: checking for awk
configure:2133: found /usr/bin/awk
configure:2144: result: awk
configure:2155: checking whether make sets $(MAKE)
configure:2177: result: yes
configure:2206: checking whether make supports nested variables
configure:2223: result: yes
configure:2313: checking whether make supports nested variables
configure:2330: result: yes
configure:2456: checking for a Lua interpreter with version >= 5.1, < 5.3
configure:2556: result: lua
configure:2563: checking for lua
configure:2581: found /usr/local/bin/lua
configure:2593: result: /usr/local/bin/lua
configure:2611: checking for lua version
configure:2621: result: 5.2
configure:2631: checking for lua platform
configure:2638: result: unknown
configure:2648: checking for lua script directory
configure:2687: result: ${prefix}/share/lua/5.2
configure:2694: checking for lua module directory
configure:2733: result: ${exec_prefix}/lib/lua/5.2
configure:2757: checking whether help2man executable path has been provided
configure:2824: result: no
configure:2828: checking for help2man
configure:2846: found /usr/local/bin/help2man
configure:2859: result: /usr/local/bin/help2man
configure:3026: checking that generated files are newer than configure
configure:3032: result: done
configure:3040: creating ./config.status

## ---------------- ##
## Cache variables. ##
## ---------------- ##

ac_cv_env_HELP2MAN_set=
ac_cv_env_HELP2MAN_value=
ac_cv_env_LUA_set=
ac_cv_env_LUA_value=
ac_cv_env_build_alias_set=
ac_cv_env_build_alias_value=
ac_cv_env_host_alias_set=
ac_cv_env_host_alias_value=
ac_cv_env_target_alias_set=
ac_cv_env_target_alias_value=
ac_cv_path_HELP2MAN=/usr/local/bin/help2man
ac_cv_path_LUA=/usr/local/bin/lua
ac_cv_path_install='/usr/bin/install -c'
ac_cv_prog_AWK=awk
ac_cv_prog_make_make_set=yes
am_cv_make_support_nested_variables=yes
ax_cv_lua_luadir='${prefix}/share/lua/5.2'
ax_cv_lua_luaexecdir='${exec_prefix}/lib/lua/5.2'
ax_cv_lua_platform=unknown
ax_cv_lua_version=5.2
ax_cv_pathless_LUA=lua

## ----------------- ##
## Output variables. ##
## ----------------- ##

ACLOCAL='${SHELL} /Volumes/Home/Desktop/Dropbox/Project/specl--github--0/build-aux/missing aclocal-1.13'
AMTAR='$${TAR-tar}'
AM_BACKSLASH='\'
AM_DEFAULT_V='$(AM_DEFAULT_VERBOSITY)'
AM_DEFAULT_VERBOSITY='0'
AM_V='$(V)'
AUTOCONF='${SHELL} /Volumes/Home/Desktop/Dropbox/Project/specl--github--0/build-aux/missing autoconf'
AUTOHEADER='${SHELL} /Volumes/Home/Desktop/Dropbox/Project/specl--github--0/build-aux/missing autoheader'
AUTOMAKE='${SHELL} /Volumes/Home/Desktop/Dropbox/Project/specl--github--0/build-aux/missing automake-1.13'
AWK='awk'
CYGPATH_W='echo'
DEFS='-DPACKAGE_NAME=\"Specl\" -DPACKAGE_TARNAME=\"specl\" -DPACKAGE_VERSION=\"1\" -DPACKAGE_STRING=\"Specl\ 1\" -DPACKAGE_BUGREPORT=\"http://github.com/gvvaughan/specl/issues\" -DPACKAGE_URL=\"\" -DPACKAGE=\"specl\" -DVERSION=\"1\"'
ECHO_C='\c'
ECHO_N=''
ECHO_T=''
HELP2MAN='/usr/local/bin/help2man'
INSTALL_DATA='${INSTALL} -m 644'
INSTALL_PROGRAM='${INSTALL}'
INSTALL_SCRIPT='${INSTALL}'
INSTALL_STRIP_PROGRAM='$(install_sh) -c -s'
LIBOBJS=''
LIBS=''
LTLIBOBJS=''
LUA='/usr/local/bin/lua'
LUA_EXEC_PREFIX='${exec_prefix}'
LUA_PLATFORM='unknown'
LUA_PREFIX='${prefix}'
LUA_SHORT_VERSION='52'
LUA_VERSION='5.2'
MAKEINFO='${SHELL} /Volumes/Home/Desktop/Dropbox/Project/specl--github--0/build-aux/missing makeinfo'
MKDIR_P='build-aux/install-sh -c -d'
PACKAGE='specl'
PACKAGE_BUGREPORT='http://github.com/gvvaughan/specl/issues'
PACKAGE_NAME='Specl'
PACKAGE_STRING='Specl 1'
PACKAGE_TARNAME='specl'
PACKAGE_URL=''
PACKAGE_VERSION='1'
PATH_SEPARATOR=':'
SET_MAKE=''
SHELL='/bin/sh'
STRIP=''
VERSION='1'
am__isrc=''
am__leading_dot='.'
am__tar='$${TAR-tar} chof - "$$tardir"'
am__untar='$${TAR-tar} xf -'
bindir='${exec_prefix}/bin'
build_alias=''
datadir='${datarootdir}'
datarootdir='${prefix}/share'
docdir='${datarootdir}/doc/${PACKAGE_TARNAME}'
dvidir='${docdir}'
exec_prefix='${prefix}'
host_alias=''
htmldir='${docdir}'
includedir='${prefix}/include'
infodir='${datarootdir}/info'
install_sh='${SHELL} /Volumes/Home/Desktop/Dropbox/Project/specl--github--0/build-aux/install-sh'
libdir='${exec_prefix}/lib'
libexecdir='${exec_prefix}/libexec'
localedir='${datarootdir}/locale'
localstatedir='${prefix}/var'
luadir='${prefix}/share/lua/5.2'
luaexecdir='${exec_prefix}/lib/lua/5.2'
mandir='${datarootdir}/man'
mkdir_p='$(MKDIR_P)'
oldincludedir='/usr/include'
pdfdir='${docdir}'
pkgluadir='${luadir}/specl'
pkgluaexecdir='${luaexecdir}/specl'
prefix='/usr/local'
program_transform_name='s,x,x,'
psdir='${docdir}'
sbindir='${exec_prefix}/sbin'
sharedstatedir='${prefix}/com'
sysconfdir='${prefix}/etc'
target_alias=''

## ----------- ##
## confdefs.h. ##
## ----------- ##

/* confdefs.h */
#define PACKAGE_NAME "Specl"
#define PACKAGE_TARNAME "specl"
#define PACKAGE_VERSION "1"
#define PACKAGE_STRING "Specl 1"
#define PACKAGE_BUGREPORT "http://github.com/gvvaughan/specl/issues"
#define PACKAGE_URL ""
#define PACKAGE "specl"
#define VERSION "1"

configure: exit 0

## ---------------------- ##
## Running config.status. ##
## ---------------------- ##

This file was extended by Specl config.status 1, which was
generated by GNU Autoconf 2.69.  Invocation command line was

  CONFIG_FILES    = 
  CONFIG_HEADERS  = 
  CONFIG_LINKS    = 
  CONFIG_COMMANDS = 
  $ ./config.status 

on anungunrama.local

config.status:754: creating Makefile
config.status:754: creating src/version.lua
