This file contains any messages produced by compilers while
running configure, to aid debugging if configure makes a mistake.

It was created by Specl configure 2, which was
generated by GNU Autoconf 2.69.  Invocation command line was

  $ ./configure 

## --------- ##
## Platform. ##
## --------- ##

hostname = thoth.local
uname -m = x86_64
uname -r = 12.2.0
uname -s = Darwin
uname -v = Darwin Kernel Version 12.2.0: Sat Aug 25 00:48:52 PDT 2012; root:xnu-2050.18.24~1/RELEASE_X86_64

/usr/bin/uname -p = i386
/bin/uname -X     = unknown

/bin/arch              = unknown
/usr/bin/arch -k       = unknown
/usr/convex/getsysinfo = unknown
/usr/bin/hostinfo      = Mach kernel version:
	 Darwin Kernel Version 12.2.0: Sat Aug 25 00:48:52 PDT 2012; root:xnu-2050.18.24~1/RELEASE_X86_64
Kernel configured for up to 2 processors.
2 processors are physically available.
2 processors are logically available.
Processor type: i486 (Intel 80486)
Processors active: 0 1
Primary memory available: 4.00 gigabytes
Default processor set: 132 tasks, 637 threads, 2 processors
Load average: 3.29, Mach factor: 0.79
/bin/machine           = unknown
/usr/bin/oslevel       = unknown
/bin/universe          = unknown

PATH: /Users/gary/bin
PATH: /usr/local/bin
PATH: /usr/bin
PATH: /bin
PATH: /usr/sbin
PATH: /sbin
PATH: /usr/texbin
PATH: /Users/gary/bin
PATH: /usr/local/sbin
PATH: /usr/local/sbin


## ----------- ##
## Core tests. ##
## ----------- ##

configure:2277: checking for a BSD-compatible install
configure:2345: result: /usr/bin/install -c
configure:2356: checking whether build environment is sane
configure:2411: result: yes
configure:2562: checking for a thread-safe mkdir -p
configure:2601: result: build-aux/install-sh -c -d
configure:2608: checking for gawk
configure:2624: found /usr/local/bin/gawk
configure:2635: result: gawk
configure:2646: checking whether make sets $(MAKE)
configure:2668: result: yes
configure:2697: checking whether make supports nested variables
configure:2714: result: yes
configure:2804: checking whether make supports nested variables
configure:2821: result: yes
configure:2845: checking for style of include used by make
configure:2873: result: GNU
configure:2944: checking for gcc
configure:2960: found /usr/bin/gcc
configure:2971: result: gcc
configure:3200: checking for C compiler version
configure:3209: gcc --version >&5
i686-apple-darwin11-llvm-gcc-4.2 (GCC) 4.2.1 (Based on Apple Inc. build 5658) (LLVM build 2336.11.00)
Copyright (C) 2007 Free Software Foundation, Inc.
This is free software; see the source for copying conditions.  There is NO
warranty; not even for MERCHANTABILITY or FITNESS FOR A PARTICULAR PURPOSE.

configure:3220: $? = 0
configure:3209: gcc -v >&5
Using built-in specs.
Target: i686-apple-darwin11
Configured with: /private/var/tmp/llvmgcc42/llvmgcc42-2336.11~148/src/configure --disable-checking --enable-werror --prefix=/Applications/Xcode.app/Contents/Developer/usr/llvm-gcc-4.2 --mandir=/share/man --enable-languages=c,objc,c++,obj-c++ --program-prefix=llvm- --program-transform-name=/^[cg][^.-]*$/s/$/-4.2/ --with-slibdir=/usr/lib --build=i686-apple-darwin11 --enable-llvm=/private/var/tmp/llvmgcc42/llvmgcc42-2336.11~148/dst-llvmCore/Developer/usr/local --program-prefix=i686-apple-darwin11- --host=x86_64-apple-darwin11 --target=i686-apple-darwin11 --with-gxx-include-dir=/usr/include/c++/4.2.1
Thread model: posix
gcc version 4.2.1 (Based on Apple Inc. build 5658) (LLVM build 2336.11.00)
configure:3220: $? = 0
configure:3209: gcc -V >&5
llvm-gcc-4.2: argument to `-V' is missing
configure:3220: $? = 1
configure:3209: gcc -qversion >&5
i686-apple-darwin11-llvm-gcc-4.2: no input files
configure:3220: $? = 1
configure:3240: checking whether the C compiler works
configure:3262: gcc    conftest.c  >&5
configure:3266: $? = 0
configure:3314: result: yes
configure:3317: checking for C compiler default output file name
configure:3319: result: a.out
configure:3325: checking for suffix of executables
configure:3332: gcc -o conftest    conftest.c  >&5
configure:3336: $? = 0
configure:3358: result: 
configure:3380: checking whether we are cross compiling
configure:3388: gcc -o conftest    conftest.c  >&5
configure:3392: $? = 0
configure:3399: ./conftest
configure:3403: $? = 0
configure:3418: result: no
configure:3423: checking for suffix of object files
configure:3445: gcc -c   conftest.c >&5
configure:3449: $? = 0
configure:3470: result: o
configure:3474: checking whether we are using the GNU C compiler
configure:3493: gcc -c   conftest.c >&5
configure:3493: $? = 0
configure:3502: result: yes
configure:3511: checking whether gcc accepts -g
configure:3531: gcc -c -g  conftest.c >&5
configure:3531: $? = 0
configure:3572: result: yes
configure:3589: checking for gcc option to accept ISO C89
configure:3652: gcc  -c -g -O2  conftest.c >&5
configure:3652: $? = 0
configure:3665: result: none needed
configure:3687: checking dependency style of gcc
configure:3798: result: gcc3
configure:3863: checking for ar
configure:3879: found /usr/bin/ar
configure:3890: result: ar
configure:3916: checking the archiver (ar) interface
configure:3926: gcc -c -g -O2  conftest.c >&5
configure:3926: $? = 0
configure:3928: ar cru libconftest.a conftest.o >&5
configure:3931: $? = 0
configure:3954: result: ar
configure:4005: checking build system type
configure:4019: result: x86_64-apple-darwin12.2.0
configure:4039: checking host system type
configure:4052: result: x86_64-apple-darwin12.2.0
configure:4093: checking how to print strings
configure:4120: result: printf
configure:4141: checking for a sed that does not truncate output
configure:4205: result: /usr/bin/sed
configure:4223: checking for grep that handles long lines and -e
configure:4281: result: /usr/bin/grep
configure:4286: checking for egrep
configure:4348: result: /usr/bin/grep -E
configure:4353: checking for fgrep
configure:4415: result: /usr/bin/grep -F
configure:4450: checking for ld used by gcc
configure:4517: result: /usr/llvm-gcc-4.2/libexec/gcc/i686-apple-darwin11/4.2.1/ld
configure:4524: checking if the linker (/usr/llvm-gcc-4.2/libexec/gcc/i686-apple-darwin11/4.2.1/ld) is GNU ld
configure:4539: result: no
configure:4551: checking for BSD- or MS-compatible name lister (nm)
configure:4600: result: /usr/bin/nm
configure:4730: checking the name lister (/usr/bin/nm) interface
configure:4737: gcc -c -g -O2  conftest.c >&5
configure:4740: /usr/bin/nm "conftest.o"
configure:4743: output
00000000000001b4 S _some_variable
configure:4750: result: BSD nm
configure:4753: checking whether ln -s works
configure:4757: result: yes
configure:4765: checking the maximum length of command line arguments
configure:4895: result: 196608
configure:4912: checking whether the shell understands some XSI constructs
configure:4922: result: yes
configure:4926: checking whether the shell understands "+="
configure:4932: result: yes
configure:4967: checking how to convert x86_64-apple-darwin12.2.0 file names to x86_64-apple-darwin12.2.0 format
configure:5007: result: func_convert_file_noop
configure:5014: checking how to convert x86_64-apple-darwin12.2.0 file names to toolchain format
configure:5034: result: func_convert_file_noop
configure:5041: checking for /usr/llvm-gcc-4.2/libexec/gcc/i686-apple-darwin11/4.2.1/ld option to reload object files
configure:5048: result: -r
configure:5122: checking for objdump
configure:5152: result: no
configure:5181: checking how to recognize dependent libraries
configure:5383: result: pass_all
configure:5468: checking for dlltool
configure:5498: result: no
configure:5528: checking how to associate runtime and link libraries
configure:5555: result: printf %s\n
configure:5679: checking for archiver @FILE support
configure:5696: gcc -c -g -O2  conftest.c >&5
configure:5696: $? = 0
configure:5699: ar cru libconftest.a @conftest.lst >&5
ar: @conftest.lst: No such file or directory
configure:5702: $? = 1
configure:5722: result: no
configure:5780: checking for strip
configure:5796: found /usr/bin/strip
configure:5807: result: strip
configure:5879: checking for ranlib
configure:5895: found /usr/bin/ranlib
configure:5906: result: ranlib
configure:6008: checking command to parse /usr/bin/nm output from gcc object
configure:6128: gcc -c -g -O2  conftest.c >&5
configure:6131: $? = 0
configure:6135: /usr/bin/nm conftest.o \| sed -n -e 's/^.*[ ]\([BCDEGRST][BCDEGRST]*\)[ ][ ]*\([_A-Za-z][_A-Za-z0-9]*\)$/\1 \2 \2/p' | sed '/ __gnu_lto/d' \> conftest.nm
configure:6138: $? = 0
cannot find nm_test_var in conftest.nm
configure:6128: gcc -c -g -O2  conftest.c >&5
configure:6131: $? = 0
configure:6135: /usr/bin/nm conftest.o \| sed -n -e 's/^.*[ ]\([BCDEGRST][BCDEGRST]*\)[ ][ ]*_\([_A-Za-z][_A-Za-z0-9]*\)$/\1 _\2 \2/p' | sed '/ __gnu_lto/d' \> conftest.nm
configure:6138: $? = 0
configure:6204: gcc -o conftest -g -O2   conftest.c conftstm.o >&5
configure:6207: $? = 0
configure:6245: result: ok
configure:6282: checking for sysroot
configure:6312: result: no
configure:6568: checking for mt
configure:6598: result: no
configure:6618: checking if : is a manifest tool
configure:6624: : '-?'
configure:6632: result: no
configure:6688: checking for dsymutil
configure:6704: found /usr/bin/dsymutil
configure:6715: result: dsymutil
configure:6780: checking for nmedit
configure:6796: found /usr/bin/nmedit
configure:6807: result: nmedit
configure:6872: checking for lipo
configure:6888: found /usr/bin/lipo
configure:6899: result: lipo
configure:6964: checking for otool
configure:6980: found /usr/bin/otool
configure:6991: result: otool
configure:7056: checking for otool64
configure:7086: result: no
configure:7131: checking for -single_module linker flag
gcc -g -O2  -o libconftest.dylib -dynamiclib -Wl,-single_module conftest.c
configure:7164: result: yes
configure:7167: checking for -exported_symbols_list linker flag
configure:7187: gcc -o conftest -g -O2   -Wl,-exported_symbols_list,conftest.sym conftest.c  >&5
configure:7187: $? = 0
configure:7197: result: yes
configure:7200: checking for -force_load linker flag
gcc -g -O2 -c -o conftest.o conftest.c
ar cru libconftest.a conftest.o
ranlib libconftest.a
gcc -g -O2  -o conftest conftest.c -Wl,-force_load,./libconftest.a
configure:7232: result: yes
configure:7274: checking how to run the C preprocessor
configure:7305: gcc -E  conftest.c
configure:7305: $? = 0
configure:7319: gcc -E  conftest.c
conftest.c:11:28: error: ac_nonexistent.h: No such file or directory
configure:7319: $? = 1
configure: failed program was:
| /* confdefs.h */
| #define PACKAGE_NAME "Specl"
| #define PACKAGE_TARNAME "specl"
| #define PACKAGE_VERSION "2"
| #define PACKAGE_STRING "Specl 2"
| #define PACKAGE_BUGREPORT "http://github.com/gvvaughan/specl/issues"
| #define PACKAGE_URL ""
| #define PACKAGE "specl"
| #define VERSION "2"
| /* end confdefs.h.  */
| #include <ac_nonexistent.h>
configure:7344: result: gcc -E
configure:7364: gcc -E  conftest.c
configure:7364: $? = 0
configure:7378: gcc -E  conftest.c
conftest.c:11:28: error: ac_nonexistent.h: No such file or directory
configure:7378: $? = 1
configure: failed program was:
| /* confdefs.h */
| #define PACKAGE_NAME "Specl"
| #define PACKAGE_TARNAME "specl"
| #define PACKAGE_VERSION "2"
| #define PACKAGE_STRING "Specl 2"
| #define PACKAGE_BUGREPORT "http://github.com/gvvaughan/specl/issues"
| #define PACKAGE_URL ""
| #define PACKAGE "specl"
| #define VERSION "2"
| /* end confdefs.h.  */
| #include <ac_nonexistent.h>
configure:7407: checking for ANSI C header files
configure:7427: gcc -c -g -O2  conftest.c >&5
configure:7427: $? = 0
configure:7500: gcc -o conftest -g -O2   conftest.c  >&5
configure:7500: $? = 0
configure:7500: ./conftest
configure:7500: $? = 0
configure:7511: result: yes
configure:7524: checking for sys/types.h
configure:7524: gcc -c -g -O2  conftest.c >&5
configure:7524: $? = 0
configure:7524: result: yes
configure:7524: checking for sys/stat.h
configure:7524: gcc -c -g -O2  conftest.c >&5
configure:7524: $? = 0
configure:7524: result: yes
configure:7524: checking for stdlib.h
configure:7524: gcc -c -g -O2  conftest.c >&5
configure:7524: $? = 0
configure:7524: result: yes
configure:7524: checking for string.h
configure:7524: gcc -c -g -O2  conftest.c >&5
configure:7524: $? = 0
configure:7524: result: yes
configure:7524: checking for memory.h
configure:7524: gcc -c -g -O2  conftest.c >&5
configure:7524: $? = 0
configure:7524: result: yes
configure:7524: checking for strings.h
configure:7524: gcc -c -g -O2  conftest.c >&5
configure:7524: $? = 0
configure:7524: result: yes
configure:7524: checking for inttypes.h
configure:7524: gcc -c -g -O2  conftest.c >&5
configure:7524: $? = 0
configure:7524: result: yes
configure:7524: checking for stdint.h
configure:7524: gcc -c -g -O2  conftest.c >&5
configure:7524: $? = 0
configure:7524: result: yes
configure:7524: checking for unistd.h
configure:7524: gcc -c -g -O2  conftest.c >&5
configure:7524: $? = 0
configure:7524: result: yes
configure:7538: checking for dlfcn.h
configure:7538: gcc -c -g -O2  conftest.c >&5
configure:7538: $? = 0
configure:7538: result: yes
configure:7743: checking for objdir
configure:7758: result: .libs
configure:8029: checking if gcc supports -fno-rtti -fno-exceptions
configure:8047: gcc -c -g -O2  -fno-rtti -fno-exceptions conftest.c >&5
cc1: warning: command line option "-fno-rtti" is valid for C++/ObjC++ but not for C
configure:8051: $? = 0
configure:8064: result: no
configure:8391: checking for gcc option to produce PIC
configure:8398: result: -fno-common -DPIC
configure:8406: checking if gcc PIC flag -fno-common -DPIC works
configure:8424: gcc -c -g -O2  -fno-common -DPIC -DPIC conftest.c >&5
configure:8428: $? = 0
configure:8441: result: yes
configure:8470: checking if gcc static flag -static works
configure:8498: result: no
configure:8513: checking if gcc supports -c -o file.o
configure:8534: gcc -c -g -O2  -o out/conftest2.o conftest.c >&5
configure:8538: $? = 0
configure:8560: result: yes
configure:8568: checking if gcc supports -c -o file.o
configure:8615: result: yes
configure:8648: checking whether the gcc linker (/usr/llvm-gcc-4.2/libexec/gcc/i686-apple-darwin11/4.2.1/ld) supports shared libraries
configure:9801: result: yes
configure:10041: checking dynamic linker characteristics
configure:10774: result: darwin12.2.0 dyld
configure:10881: checking how to hardcode library paths into programs
configure:10906: result: immediate
configure:11446: checking whether stripping libraries is possible
configure:11460: result: yes
configure:11486: checking if libtool supports shared libraries
configure:11488: result: yes
configure:11491: checking whether to build shared libraries
configure:11512: result: yes
configure:11515: checking whether to build static libraries
configure:11519: result: no
configure:11611: checking for gcc
configure:11638: result: gcc
configure:11867: checking for C compiler version
configure:11876: gcc --version >&5
i686-apple-darwin11-llvm-gcc-4.2 (GCC) 4.2.1 (Based on Apple Inc. build 5658) (LLVM build 2336.11.00)
Copyright (C) 2007 Free Software Foundation, Inc.
This is free software; see the source for copying conditions.  There is NO
warranty; not even for MERCHANTABILITY or FITNESS FOR A PARTICULAR PURPOSE.

configure:11887: $? = 0
configure:11876: gcc -v >&5
Using built-in specs.
Target: i686-apple-darwin11
Configured with: /private/var/tmp/llvmgcc42/llvmgcc42-2336.11~148/src/configure --disable-checking --enable-werror --prefix=/Applications/Xcode.app/Contents/Developer/usr/llvm-gcc-4.2 --mandir=/share/man --enable-languages=c,objc,c++,obj-c++ --program-prefix=llvm- --program-transform-name=/^[cg][^.-]*$/s/$/-4.2/ --with-slibdir=/usr/lib --build=i686-apple-darwin11 --enable-llvm=/private/var/tmp/llvmgcc42/llvmgcc42-2336.11~148/dst-llvmCore/Developer/usr/local --program-prefix=i686-apple-darwin11- --host=x86_64-apple-darwin11 --target=i686-apple-darwin11 --with-gxx-include-dir=/usr/include/c++/4.2.1
Thread model: posix
gcc version 4.2.1 (Based on Apple Inc. build 5658) (LLVM build 2336.11.00)
configure:11887: $? = 0
configure:11876: gcc -V >&5
llvm-gcc-4.2: argument to `-V' is missing
configure:11887: $? = 1
configure:11876: gcc -qversion >&5
i686-apple-darwin11-llvm-gcc-4.2: no input files
configure:11887: $? = 1
configure:11891: checking whether we are using the GNU C compiler
configure:11919: result: yes
configure:11928: checking whether gcc accepts -g
configure:11989: result: yes
configure:12006: checking for gcc option to accept ISO C89
configure:12082: result: none needed
configure:12104: checking dependency style of gcc
configure:12215: result: gcc3
configure:12242: checking whether help2man executable path has been provided
configure:12309: result: no
configure:12313: checking for help2man
configure:12331: found /usr/local/bin/help2man
configure:12344: result: /usr/local/bin/help2man
configure:12477: checking for a Lua interpreter with version >= 5.1, < 5.3
configure:12577: result: lua
configure:12584: checking for lua
configure:12602: found /usr/local/bin/lua
configure:12614: result: /usr/local/bin/lua
configure:12632: checking for lua version
configure:12642: result: 5.1
configure:12652: checking for lua platform
configure:12659: result: unknown
configure:12669: checking for lua script directory
configure:12708: result: ${prefix}/share/lua/5.1
configure:12715: checking for lua module directory
configure:12754: result: ${exec_prefix}/lib/lua/5.1
configure:12766: checking for ANSI C header files
configure:12870: result: yes
configure:12880: checking yaml.h usability
configure:12880: gcc -c -g -O2  conftest.c >&5
configure:12880: $? = 0
configure:12880: result: yes
configure:12880: checking yaml.h presence
configure:12880: gcc -E  conftest.c
configure:12880: $? = 0
configure:12880: result: yes
configure:12880: checking for yaml.h
configure:12880: result: yes
configure:12891: checking for library containing yaml_document_initialize
configure:12922: gcc -o conftest -g -O2   conftest.c  >&5
Undefined symbols for architecture x86_64:
  "_yaml_document_initialize", referenced from:
      _main in ccdaQwEa.o
ld: symbol(s) not found for architecture x86_64
collect2: ld returned 1 exit status
configure:12922: $? = 1
configure: failed program was:
| /* confdefs.h */
| #define PACKAGE_NAME "Specl"
| #define PACKAGE_TARNAME "specl"
| #define PACKAGE_VERSION "2"
| #define PACKAGE_STRING "Specl 2"
| #define PACKAGE_BUGREPORT "http://github.com/gvvaughan/specl/issues"
| #define PACKAGE_URL ""
| #define PACKAGE "specl"
| #define VERSION "2"
| #define STDC_HEADERS 1
| #define HAVE_SYS_TYPES_H 1
| #define HAVE_SYS_STAT_H 1
| #define HAVE_STDLIB_H 1
| #define HAVE_STRING_H 1
| #define HAVE_MEMORY_H 1
| #define HAVE_STRINGS_H 1
| #define HAVE_INTTYPES_H 1
| #define HAVE_STDINT_H 1
| #define HAVE_UNISTD_H 1
| #define HAVE_DLFCN_H 1
| #define LT_OBJDIR ".libs/"
| #define STDC_HEADERS 1
| #define HAVE_YAML_H 1
| /* end confdefs.h.  */
| 
| /* Override any GCC internal prototype to avoid an error.
|    Use char because int might match the return type of a GCC
|    builtin and then its argument prototype would still apply.  */
| #ifdef __cplusplus
| extern "C"
| #endif
| char yaml_document_initialize ();
| int
| main ()
| {
| return yaml_document_initialize ();
|   ;
|   return 0;
| }
configure:12922: gcc -o conftest -g -O2   conftest.c -lyaml   >&5
configure:12922: $? = 0
configure:12939: result: -lyaml
configure:13064: checking that generated files are newer than configure
configure:13070: result: done
configure:13097: creating ./config.status

## ---------------------- ##
## Running config.status. ##
## ---------------------- ##

This file was extended by Specl config.status 2, which was
generated by GNU Autoconf 2.69.  Invocation command line was

  CONFIG_FILES    = 
  CONFIG_HEADERS  = 
  CONFIG_LINKS    = 
  CONFIG_COMMANDS = 
  $ ./config.status 

on thoth.local

config.status:1094: creating Makefile
config.status:1094: creating src/version.lua
config.status:1094: creating config.h
config.status:1323: executing depfiles commands
config.status:1323: executing libtool commands

## ---------------- ##
## Cache variables. ##
## ---------------- ##

ac_cv_build=x86_64-apple-darwin12.2.0
ac_cv_c_compiler_gnu=yes
ac_cv_env_CC_set=
ac_cv_env_CC_value=
ac_cv_env_CFLAGS_set=
ac_cv_env_CFLAGS_value=
ac_cv_env_CPPFLAGS_set=
ac_cv_env_CPPFLAGS_value=
ac_cv_env_CPP_set=
ac_cv_env_CPP_value=
ac_cv_env_HELP2MAN_set=
ac_cv_env_HELP2MAN_value=
ac_cv_env_LDFLAGS_set=
ac_cv_env_LDFLAGS_value=
ac_cv_env_LIBS_set=
ac_cv_env_LIBS_value=
ac_cv_env_LUA_set=
ac_cv_env_LUA_value=
ac_cv_env_build_alias_set=
ac_cv_env_build_alias_value=
ac_cv_env_host_alias_set=
ac_cv_env_host_alias_value=
ac_cv_env_target_alias_set=
ac_cv_env_target_alias_value=
ac_cv_header_dlfcn_h=yes
ac_cv_header_inttypes_h=yes
ac_cv_header_memory_h=yes
ac_cv_header_stdc=yes
ac_cv_header_stdint_h=yes
ac_cv_header_stdlib_h=yes
ac_cv_header_string_h=yes
ac_cv_header_strings_h=yes
ac_cv_header_sys_stat_h=yes
ac_cv_header_sys_types_h=yes
ac_cv_header_unistd_h=yes
ac_cv_header_yaml_h=yes
ac_cv_host=x86_64-apple-darwin12.2.0
ac_cv_objext=o
ac_cv_path_EGREP='/usr/bin/grep -E'
ac_cv_path_FGREP='/usr/bin/grep -F'
ac_cv_path_GREP=/usr/bin/grep
ac_cv_path_HELP2MAN=/usr/local/bin/help2man
ac_cv_path_LUA=/usr/local/bin/lua
ac_cv_path_SED=/usr/bin/sed
ac_cv_path_install='/usr/bin/install -c'
ac_cv_prog_AWK=gawk
ac_cv_prog_CPP='gcc -E'
ac_cv_prog_ac_ct_AR=ar
ac_cv_prog_ac_ct_CC=gcc
ac_cv_prog_ac_ct_DSYMUTIL=dsymutil
ac_cv_prog_ac_ct_LIPO=lipo
ac_cv_prog_ac_ct_NMEDIT=nmedit
ac_cv_prog_ac_ct_OTOOL=otool
ac_cv_prog_ac_ct_RANLIB=ranlib
ac_cv_prog_ac_ct_STRIP=strip
ac_cv_prog_cc_c89=
ac_cv_prog_cc_g=yes
ac_cv_prog_make_make_set=yes
ac_cv_search_yaml_document_initialize=-lyaml
am_cv_CC_dependencies_compiler_type=gcc3
am_cv_ar_interface=ar
am_cv_make_support_nested_variables=yes
ax_cv_lua_luadir='${prefix}/share/lua/5.1'
ax_cv_lua_luaexecdir='${exec_prefix}/lib/lua/5.1'
ax_cv_lua_platform=unknown
ax_cv_lua_version=5.1
ax_cv_pathless_LUA=lua
lt_cv_apple_cc_single_mod=yes
lt_cv_ar_at_file=no
lt_cv_deplibs_check_method=pass_all
lt_cv_file_magic_cmd='$MAGIC_CMD'
lt_cv_file_magic_test_file=
lt_cv_ld_exported_symbols_list=yes
lt_cv_ld_force_load=yes
lt_cv_ld_reload_flag=-r
lt_cv_nm_interface='BSD nm'
lt_cv_objdir=.libs
lt_cv_path_LD=/usr/llvm-gcc-4.2/libexec/gcc/i686-apple-darwin11/4.2.1/ld
lt_cv_path_NM=/usr/bin/nm
lt_cv_path_mainfest_tool=no
lt_cv_prog_compiler_c_o=yes
lt_cv_prog_compiler_pic='-fno-common -DPIC'
lt_cv_prog_compiler_pic_works=yes
lt_cv_prog_compiler_rtti_exceptions=no
lt_cv_prog_compiler_static_works=no
lt_cv_prog_gnu_ld=no
lt_cv_sharedlib_from_linklib_cmd='printf %s\n'
lt_cv_sys_global_symbol_pipe='sed -n -e '\''s/^.*[	 ]\([BCDEGRST][BCDEGRST]*\)[	 ][	 ]*_\([_A-Za-z][_A-Za-z0-9]*\)$/\1 _\2 \2/p'\'' | sed '\''/ __gnu_lto/d'\'''
lt_cv_sys_global_symbol_to_c_name_address='sed -n -e '\''s/^: \([^ ]*\)[ ]*$/  {\"\1\", (void *) 0},/p'\'' -e '\''s/^[BCDEGRST]* \([^ ]*\) \([^ ]*\)$/  {"\2", (void *) \&\2},/p'\'''
lt_cv_sys_global_symbol_to_c_name_address_lib_prefix='sed -n -e '\''s/^: \([^ ]*\)[ ]*$/  {\"\1\", (void *) 0},/p'\'' -e '\''s/^[BCDEGRST]* \([^ ]*\) \(lib[^ ]*\)$/  {"\2", (void *) \&\2},/p'\'' -e '\''s/^[BCDEGRST]* \([^ ]*\) \([^ ]*\)$/  {"lib\2", (void *) \&\2},/p'\'''
lt_cv_sys_global_symbol_to_cdecl='sed -n -e '\''s/^T .* \(.*\)$/extern int \1();/p'\'' -e '\''s/^[BCDEGRST]* .* \(.*\)$/extern char \1;/p'\'''
lt_cv_sys_max_cmd_len=196608
lt_cv_to_host_file_cmd=func_convert_file_noop
lt_cv_to_tool_file_cmd=func_convert_file_noop

## ----------------- ##
## Output variables. ##
## ----------------- ##

ACLOCAL='${SHELL} /Users/gary/Desktop/Dropbox/Project/specl--github--0/build-aux/missing aclocal-1.13'
AMDEPBACKSLASH='\'
AMDEP_FALSE='#'
AMDEP_TRUE=''
AMTAR='$${TAR-tar}'
AM_BACKSLASH='\'
AM_DEFAULT_V='$(AM_DEFAULT_VERBOSITY)'
AM_DEFAULT_VERBOSITY='0'
AM_V='$(V)'
AR='ar'
AUTOCONF='${SHELL} /Users/gary/Desktop/Dropbox/Project/specl--github--0/build-aux/missing autoconf'
AUTOHEADER='${SHELL} /Users/gary/Desktop/Dropbox/Project/specl--github--0/build-aux/missing autoheader'
AUTOMAKE='${SHELL} /Users/gary/Desktop/Dropbox/Project/specl--github--0/build-aux/missing automake-1.13'
AWK='gawk'
CC='gcc'
CCDEPMODE='depmode=gcc3'
CFLAGS='-g -O2'
CPP='gcc -E'
CPPFLAGS=''
CYGPATH_W='echo'
DEFS='-DHAVE_CONFIG_H'
DEPDIR='.deps'
DLLTOOL='false'
DSYMUTIL='dsymutil'
DUMPBIN=''
ECHO_C='\c'
ECHO_N=''
ECHO_T=''
EGREP='/usr/bin/grep -E'
EXEEXT=''
FGREP='/usr/bin/grep -F'
GREP='/usr/bin/grep'
HELP2MAN='/usr/local/bin/help2man'
INSTALL_DATA='${INSTALL} -m 644'
INSTALL_PROGRAM='${INSTALL}'
INSTALL_SCRIPT='${INSTALL}'
INSTALL_STRIP_PROGRAM='$(install_sh) -c -s'
LD='/usr/llvm-gcc-4.2/libexec/gcc/i686-apple-darwin11/4.2.1/ld'
LDFLAGS=''
LIBOBJS=''
LIBS='-lyaml '
LIBTOOL='$(SHELL) $(top_builddir)/libtool'
LIBTOOL_DEPS='build-aux/ltmain.sh'
LIPO='lipo'
LN_S='ln -s'
LTLIBOBJS=''
LUA='/usr/local/bin/lua'
LUA_EXEC_PREFIX='${exec_prefix}'
LUA_PLATFORM='unknown'
LUA_PREFIX='${prefix}'
LUA_SHORT_VERSION='51'
LUA_VERSION='5.1'
MAKEINFO='${SHELL} /Users/gary/Desktop/Dropbox/Project/specl--github--0/build-aux/missing makeinfo'
MANIFEST_TOOL=':'
MKDIR_P='build-aux/install-sh -c -d'
NM='/usr/bin/nm'
NMEDIT='nmedit'
OBJDUMP='false'
OBJEXT='o'
OTOOL64=':'
OTOOL='otool'
PACKAGE='specl'
PACKAGE_BUGREPORT='http://github.com/gvvaughan/specl/issues'
PACKAGE_NAME='Specl'
PACKAGE_STRING='Specl 2'
PACKAGE_TARNAME='specl'
PACKAGE_URL=''
PACKAGE_VERSION='2'
PATH_SEPARATOR=':'
RANLIB='ranlib'
SED='/usr/bin/sed'
SET_MAKE=''
SHELL='/bin/sh'
STRIP='strip'
VERSION='2'
ac_ct_AR='ar'
ac_ct_CC='gcc'
ac_ct_DUMPBIN=''
am__EXEEXT_FALSE=''
am__EXEEXT_TRUE='#'
am__fastdepCC_FALSE='#'
am__fastdepCC_TRUE=''
am__include='include'
am__isrc=''
am__leading_dot='.'
am__nodep='_no'
am__quote=''
am__tar='$${TAR-tar} chof - "$$tardir"'
am__untar='$${TAR-tar} xf -'
bindir='${exec_prefix}/bin'
build='x86_64-apple-darwin12.2.0'
build_alias=''
build_cpu='x86_64'
build_os='darwin12.2.0'
build_vendor='apple'
datadir='${datarootdir}'
datarootdir='${prefix}/share'
docdir='${datarootdir}/doc/${PACKAGE_TARNAME}'
dvidir='${docdir}'
exec_prefix='${prefix}'
host='x86_64-apple-darwin12.2.0'
host_alias=''
host_cpu='x86_64'
host_os='darwin12.2.0'
host_vendor='apple'
htmldir='${docdir}'
includedir='${prefix}/include'
infodir='${datarootdir}/info'
install_sh='${SHELL} /Users/gary/Desktop/Dropbox/Project/specl--github--0/build-aux/install-sh'
libdir='${exec_prefix}/lib'
libexecdir='${exec_prefix}/libexec'
localedir='${datarootdir}/locale'
localstatedir='${prefix}/var'
luadir='${prefix}/share/lua/5.1'
luaexecdir='${exec_prefix}/lib/lua/5.1'
mandir='${datarootdir}/man'
mkdir_p='$(MKDIR_P)'
objdir='.libs'
oldincludedir='/usr/include'
pdfdir='${docdir}'
pkgluadir='${luadir}/specl'
pkgluaexecdir='${luaexecdir}/specl'
prefix='/usr/local'
program_transform_name='s,x,x,'
psdir='${docdir}'
sbindir='${exec_prefix}/sbin'
sharedstatedir='${prefix}/com'
shrext='.so'
sysconfdir='${prefix}/etc'
target_alias=''

## ----------- ##
## confdefs.h. ##
## ----------- ##

/* confdefs.h */
#define PACKAGE_NAME "Specl"
#define PACKAGE_TARNAME "specl"
#define PACKAGE_VERSION "2"
#define PACKAGE_STRING "Specl 2"
#define PACKAGE_BUGREPORT "http://github.com/gvvaughan/specl/issues"
#define PACKAGE_URL ""
#define PACKAGE "specl"
#define VERSION "2"
#define STDC_HEADERS 1
#define HAVE_SYS_TYPES_H 1
#define HAVE_SYS_STAT_H 1
#define HAVE_STDLIB_H 1
#define HAVE_STRING_H 1
#define HAVE_MEMORY_H 1
#define HAVE_STRINGS_H 1
#define HAVE_INTTYPES_H 1
#define HAVE_STDINT_H 1
#define HAVE_UNISTD_H 1
#define HAVE_DLFCN_H 1
#define LT_OBJDIR ".libs/"
#define STDC_HEADERS 1
#define HAVE_YAML_H 1

configure: exit 0
